<?xml version="1.0" encoding="UTF-8"?>
<coverage generated="1702410441224" clover="3.2.0">
  <project timestamp="1702410441224" name="All files">
    <metrics statements="22" coveredstatements="22" conditionals="0" coveredconditionals="0" methods="7" coveredmethods="7" elements="29" coveredelements="29" complexity="0" loc="22" ncloc="22" packages="2" files="7" classes="7"/>
    <package name="lib">
      <metrics statements="16" coveredstatements="16" conditionals="0" coveredconditionals="0" methods="7" coveredmethods="7"/>
      <file name="circle.js" path="C:\Users\Roopa Thimmanacherla\OneDrive\Desktop\Bootcamp\logo-generator\lib\circle.js">
        <metrics statements="4" coveredstatements="4" conditionals="0" coveredconditionals="0" methods="2" coveredmethods="2"/>
        <line num="1" count="1" type="stmt"/>
        <line num="5" count="1" type="stmt"/>
        <line num="8" count="1" type="stmt"/>
        <line num="16" count="1" type="stmt"/>
      </file>
      <file name="shapes.js" path="C:\Users\Roopa Thimmanacherla\OneDrive\Desktop\Bootcamp\logo-generator\lib\shapes.js">
        <metrics statements="4" coveredstatements="4" conditionals="0" coveredconditionals="0" methods="1" coveredmethods="1"/>
        <line num="3" count="3" type="stmt"/>
        <line num="4" count="3" type="stmt"/>
        <line num="5" count="3" type="stmt"/>
        <line num="8" count="3" type="stmt"/>
      </file>
      <file name="square.js" path="C:\Users\Roopa Thimmanacherla\OneDrive\Desktop\Bootcamp\logo-generator\lib\square.js">
        <metrics statements="4" coveredstatements="4" conditionals="0" coveredconditionals="0" methods="2" coveredmethods="2"/>
        <line num="1" count="1" type="stmt"/>
        <line num="5" count="1" type="stmt"/>
        <line num="8" count="1" type="stmt"/>
        <line num="17" count="1" type="stmt"/>
      </file>
      <file name="triangle.js" path="C:\Users\Roopa Thimmanacherla\OneDrive\Desktop\Bootcamp\logo-generator\lib\triangle.js">
        <metrics statements="4" coveredstatements="4" conditionals="0" coveredconditionals="0" methods="2" coveredmethods="2"/>
        <line num="1" count="1" type="stmt"/>
        <line num="5" count="1" type="stmt"/>
        <line num="8" count="1" type="stmt"/>
        <line num="17" count="1" type="stmt"/>
      </file>
    </package>
    <package name="test">
      <metrics statements="6" coveredstatements="6" conditionals="0" coveredconditionals="0" methods="0" coveredmethods="0"/>
      <file name="circleExample.js" path="C:\Users\Roopa Thimmanacherla\OneDrive\Desktop\Bootcamp\logo-generator\test\circleExample.js">
        <metrics statements="2" coveredstatements="2" conditionals="0" coveredconditionals="0" methods="0" coveredmethods="0"/>
        <line num="1" count="1" type="stmt"/>
        <line num="7" count="1" type="stmt"/>
      </file>
      <file name="squareExample.js" path="C:\Users\Roopa Thimmanacherla\OneDrive\Desktop\Bootcamp\logo-generator\test\squareExample.js">
        <metrics statements="2" coveredstatements="2" conditionals="0" coveredconditionals="0" methods="0" coveredmethods="0"/>
        <line num="1" count="1" type="stmt"/>
        <line num="8" count="1" type="stmt"/>
      </file>
      <file name="triangleExample.js" path="C:\Users\Roopa Thimmanacherla\OneDrive\Desktop\Bootcamp\logo-generator\test\triangleExample.js">
        <metrics statements="2" coveredstatements="2" conditionals="0" coveredconditionals="0" methods="0" coveredmethods="0"/>
        <line num="1" count="1" type="stmt"/>
        <line num="7" count="1" type="stmt"/>
      </file>
    </package>
  </project>
</coverage>
