{"C:\\Users\\Roopa Thimmanacherla\\OneDrive\\Desktop\\Bootcamp\\logo-generator\\lib\\circle.js": {"path":"C:\\Users\\Roopa Thimmanacherla\\OneDrive\\Desktop\\Bootcamp\\logo-generator\\lib\\circle.js","statementMap":{"0":{"start":{"line":1,"column":14},"end":{"line":1,"column":36}},"1":{"start":{"line":5,"column":4},"end":{"line":5,"column":39}},"2":{"start":{"line":8,"column":4},"end":{"line":13,"column":12}},"3":{"start":{"line":16,"column":0},"end":{"line":16,"column":24}}},"fnMap":{"0":{"name":"(anonymous_0)","decl":{"start":{"line":4,"column":2},"end":{"line":4,"column":3}},"loc":{"start":{"line":4,"column":43},"end":{"line":6,"column":3}},"line":4},"1":{"name":"(anonymous_1)","decl":{"start":{"line":7,"column":2},"end":{"line":7,"column":3}},"loc":{"start":{"line":7,"column":11},"end":{"line":14,"column":3}},"line":7}},"branchMap":{},"s":{"0":1,"1":1,"2":1,"3":1},"f":{"0":1,"1":1},"b":{},"_coverageSchema":"1a1c01bbd47fc00a2c39e90264f33305004495a9","hash":"ff2f9cf10cbd5b1d9c7f24216a2ecd88d2b9a2c0"}
,"C:\\Users\\Roopa Thimmanacherla\\OneDrive\\Desktop\\Bootcamp\\logo-generator\\lib\\shapes.js": {"path":"C:\\Users\\Roopa Thimmanacherla\\OneDrive\\Desktop\\Bootcamp\\logo-generator\\lib\\shapes.js","statementMap":{"0":{"start":{"line":3,"column":4},"end":{"line":3,"column":21}},"1":{"start":{"line":4,"column":4},"end":{"line":4,"column":31}},"2":{"start":{"line":5,"column":4},"end":{"line":5,"column":33}},"3":{"start":{"line":8,"column":0},"end":{"line":8,"column":24}}},"fnMap":{"0":{"name":"(anonymous_0)","decl":{"start":{"line":2,"column":2},"end":{"line":2,"column":3}},"loc":{"start":{"line":2,"column":43},"end":{"line":6,"column":3}},"line":2}},"branchMap":{},"s":{"0":3,"1":3,"2":3,"3":3},"f":{"0":3},"b":{},"_coverageSchema":"1a1c01bbd47fc00a2c39e90264f33305004495a9","hash":"778e55c440cd74eef70b27326da564d47ccc3085"}
,"C:\\Users\\Roopa Thimmanacherla\\OneDrive\\Desktop\\Bootcamp\\logo-generator\\lib\\square.js": {"path":"C:\\Users\\Roopa Thimmanacherla\\OneDrive\\Desktop\\Bootcamp\\logo-generator\\lib\\square.js","statementMap":{"0":{"start":{"line":1,"column":14},"end":{"line":1,"column":36}},"1":{"start":{"line":5,"column":4},"end":{"line":5,"column":39}},"2":{"start":{"line":8,"column":4},"end":{"line":13,"column":16}},"3":{"start":{"line":17,"column":0},"end":{"line":17,"column":24}}},"fnMap":{"0":{"name":"(anonymous_0)","decl":{"start":{"line":4,"column":2},"end":{"line":4,"column":3}},"loc":{"start":{"line":4,"column":43},"end":{"line":6,"column":3}},"line":4},"1":{"name":"(anonymous_1)","decl":{"start":{"line":7,"column":2},"end":{"line":7,"column":3}},"loc":{"start":{"line":7,"column":11},"end":{"line":14,"column":3}},"line":7}},"branchMap":{},"s":{"0":1,"1":1,"2":1,"3":1},"f":{"0":1,"1":1},"b":{},"_coverageSchema":"1a1c01bbd47fc00a2c39e90264f33305004495a9","hash":"e3027c8c47511873609d3f2cfcc7d00469b52e81"}
,"C:\\Users\\Roopa Thimmanacherla\\OneDrive\\Desktop\\Bootcamp\\logo-generator\\lib\\triangle.js": {"path":"C:\\Users\\Roopa Thimmanacherla\\OneDrive\\Desktop\\Bootcamp\\logo-generator\\lib\\triangle.js","statementMap":{"0":{"start":{"line":1,"column":14},"end":{"line":1,"column":36}},"1":{"start":{"line":5,"column":4},"end":{"line":5,"column":39}},"2":{"start":{"line":8,"column":4},"end":{"line":13,"column":8}},"3":{"start":{"line":17,"column":0},"end":{"line":17,"column":26}}},"fnMap":{"0":{"name":"(anonymous_0)","decl":{"start":{"line":4,"column":2},"end":{"line":4,"column":3}},"loc":{"start":{"line":4,"column":43},"end":{"line":6,"column":3}},"line":4},"1":{"name":"(anonymous_1)","decl":{"start":{"line":7,"column":2},"end":{"line":7,"column":3}},"loc":{"start":{"line":7,"column":11},"end":{"line":14,"column":3}},"line":7}},"branchMap":{},"s":{"0":1,"1":1,"2":1,"3":1},"f":{"0":1,"1":1},"b":{},"_coverageSchema":"1a1c01bbd47fc00a2c39e90264f33305004495a9","hash":"06d9623c7f072b4060c64bc2d8534a34553e93cf"}
,"C:\\Users\\Roopa Thimmanacherla\\OneDrive\\Desktop\\Bootcamp\\logo-generator\\test\\circleExample.js": {"path":"C:\\Users\\Roopa Thimmanacherla\\OneDrive\\Desktop\\Bootcamp\\logo-generator\\test\\circleExample.js","statementMap":{"0":{"start":{"line":1,"column":22},"end":{"line":6,"column":11}},"1":{"start":{"line":7,"column":0},"end":{"line":7,"column":31}}},"fnMap":{},"branchMap":{},"s":{"0":1,"1":1},"f":{},"b":{},"_coverageSchema":"1a1c01bbd47fc00a2c39e90264f33305004495a9","hash":"38d71ff5302d2fd1ed3946c977c7b6bafa7f99e3"}
,"C:\\Users\\Roopa Thimmanacherla\\OneDrive\\Desktop\\Bootcamp\\logo-generator\\test\\squareExample.js": {"path":"C:\\Users\\Roopa Thimmanacherla\\OneDrive\\Desktop\\Bootcamp\\logo-generator\\test\\squareExample.js","statementMap":{"0":{"start":{"line":1,"column":22},"end":{"line":6,"column":15}},"1":{"start":{"line":8,"column":0},"end":{"line":8,"column":31}}},"fnMap":{},"branchMap":{},"s":{"0":1,"1":1},"f":{},"b":{},"_coverageSchema":"1a1c01bbd47fc00a2c39e90264f33305004495a9","hash":"1b356578f1e6318184962bdf2a96c418e7fbdaac"}
,"C:\\Users\\Roopa Thimmanacherla\\OneDrive\\Desktop\\Bootcamp\\logo-generator\\test\\triangleExample.js": {"path":"C:\\Users\\Roopa Thimmanacherla\\OneDrive\\Desktop\\Bootcamp\\logo-generator\\test\\triangleExample.js","statementMap":{"0":{"start":{"line":1,"column":24},"end":{"line":6,"column":7}},"1":{"start":{"line":7,"column":0},"end":{"line":7,"column":33}}},"fnMap":{},"branchMap":{},"s":{"0":1,"1":1},"f":{},"b":{},"_coverageSchema":"1a1c01bbd47fc00a2c39e90264f33305004495a9","hash":"2d03d26b449034c7bc3eae053454afddb6599d30"}
}
